[PKL] intent/intent/artifacts/intent_pro_cal.pkl
[inject_skip] smart_mail_agent.intent.rules ModuleNotFoundError No module named 'smart_mail_agent.intent.rules'
[inject_skip] smart_mail_agent.intent.features ModuleNotFoundError No module named 'smart_mail_agent.intent.features'
[inject_skip] smart_mail_agent.intent.feats ModuleNotFoundError No module named 'smart_mail_agent.intent.feats'
[inject_skip] smart_mail_agent.intent.utils ModuleNotFoundError No module named 'smart_mail_agent.intent.utils'
Traceback (most recent call last):
  File "<stdin>", line 73, in <module>
  File "/home/youjie/projects/smart-mail-agent-ssot-pro/.venv/lib/python3.10/site-packages/joblib/numpy_pickle.py", line 749, in load
    obj = _unpickle(
  File "/home/youjie/projects/smart-mail-agent-ssot-pro/.venv/lib/python3.10/site-packages/joblib/numpy_pickle.py", line 626, in _unpickle
    obj = unpickler.load()
  File "/usr/lib/python3.10/pickle.py", line 1213, in load
    dispatch[key[0]](self)
  File "/usr/lib/python3.10/pickle.py", line 1538, in load_stack_global
    self.append(self.find_class(module, name))
  File "/usr/lib/python3.10/pickle.py", line 1582, in find_class
    return _getattribute(sys.modules[module], name)[0]
  File "/usr/lib/python3.10/pickle.py", line 331, in _getattribute
    raise AttributeError("Can't get attribute {!r} on {!r}"
AttributeError: Can't get attribute 'rules_feat' on <module '__main__' (built-in)>

During handling of the above exception, another exception occurred:

Traceback (most recent call last):
  File "<stdin>", line 85, in <module>
  File "<stdin>", line 54, in inject_symbol_from_intent
  File "/usr/lib/python3.10/re.py", line 200, in search
    return _compile(pattern, flags).search(string)
  File "/usr/lib/python3.10/re.py", line 303, in _compile
    p = sre_compile.compile(pattern, flags)
  File "/usr/lib/python3.10/sre_compile.py", line 788, in compile
    p = sre_parse.parse(p, flags)
  File "/usr/lib/python3.10/sre_parse.py", line 955, in parse
    p = _parse_sub(source, state, flags & SRE_FLAG_VERBOSE, 0)
  File "/usr/lib/python3.10/sre_parse.py", line 444, in _parse_sub
    itemsappend(_parse(source, state, verbose, nested + 1,
  File "/usr/lib/python3.10/sre_parse.py", line 843, in _parse
    raise source.error("missing ), unterminated subpattern",
re.error: missing ), unterminated subpattern at position 26
